1546204330039	mozrunner::runner	INFO	Running command: "/usr/bin/firefox" "-marionette" "-foreground" "-no-remote" "-profile" "/tmp/rust_mozprofile.jugQTHO0Ldz3"
1546204330596	addons.webextension.screenshots@mozilla.org	WARN	Loading extension 'screenshots@mozilla.org': Reading manifest: Invalid host permission: resource://pdf.js/
1546204330596	addons.webextension.screenshots@mozilla.org	WARN	Loading extension 'screenshots@mozilla.org': Reading manifest: Invalid host permission: about:reader*
1546204332381	Marionette	INFO	Listening on port 41013
1546204332511	Marionette	WARN	TLS certificate errors will be ignored for this session
JavaScript error: https://webwhatsapp.com/, line 24: TypeError: document.getElementById(...) is null
JavaScript error: http://assets.adobedtm.com/e21dfb008dab7987a37e05e0ce8e8f311baa4a2a/s-code-contents-2021709e3686165f12da67416c4c56b9cd0427b3-staging.js, line 450: TypeError: r is undefined
JavaScript error: http://assets.adobedtm.com/e21dfb008dab7987a37e05e0ce8e8f311baa4a2a/scripts/satellite-59f040e064746d6ff500516c-staging.js, line 517: TypeError: _satellite.getToolsByType(...)[0] is undefined
JavaScript warning: https://www.googletagmanager.com/gtag/js?id=UA-122668626-1, line 87: unreachable code after return statement
JavaScript warning: https://www.googletagmanager.com/gtag/js?id=UA-122668626-1, line 147: unreachable code after return statement
JavaScript warning: https://www.googletagmanager.com/gtag/js?id=UA-122668626-1, line 147: unreachable code after return statement
JavaScript warning: https://www.googletagmanager.com/gtag/js?id=UA-122668626-1, line 147: unreachable code after return statement
JavaScript error: https://www.googletagmanager.com/gtag/js?id=UA-122668626-1, line 117: TypeError: a.slice is not a function
console.error: BroadcastService: 
  receivedBroadcastMessage: handler for
  remote-settings/monitor_changes
  threw error:
  Message: Error: Polling for changes failed: NetworkError when attempting to fetch resource..
  Stack:
    remoteSettingsFunction/remoteSettings.pollChanges@resource://services-settings/remote-settings.js:750:13

1546204435614	mozrunner::runner	INFO	Running command: "/usr/bin/firefox" "-marionette" "-foreground" "-no-remote" "-profile" "/tmp/rust_mozprofile.TbHEVQ5XfA95"
1546204435927	addons.webextension.screenshots@mozilla.org	WARN	Loading extension 'screenshots@mozilla.org': Reading manifest: Invalid host permission: resource://pdf.js/
1546204435927	addons.webextension.screenshots@mozilla.org	WARN	Loading extension 'screenshots@mozilla.org': Reading manifest: Invalid host permission: about:reader*
1546204437107	Marionette	INFO	Listening on port 33377
1546204437131	Marionette	WARN	TLS certificate errors will be ignored for this session
JavaScript error: https://webwhatsapp.com/, line 24: TypeError: document.getElementById(...) is null
JavaScript error: https://www.firstpost.com/category/politics?utm_source=fp999&utm_medium=cpv&utm_campaign=firstpost_dec2018&utm_content=C_lTEKk-{sub2}-i_{sub3}, line 1319: ReferenceError: DM is not defined
JavaScript error: https://www.firstpost.com/assets/js/app.min.js?v=18, line 1: TypeError: e is null
ATTENTION: default value of option force_s3tc_enable overridden by environment.
1546204616096	mozrunner::runner	INFO	Running command: "/usr/bin/firefox" "-marionette" "-foreground" "-no-remote" "-profile" "/tmp/rust_mozprofile.dZ3ugEwHF1cW"
1546204616419	addons.webextension.screenshots@mozilla.org	WARN	Loading extension 'screenshots@mozilla.org': Reading manifest: Invalid host permission: resource://pdf.js/
1546204616419	addons.webextension.screenshots@mozilla.org	WARN	Loading extension 'screenshots@mozilla.org': Reading manifest: Invalid host permission: about:reader*
1546204617577	Marionette	INFO	Listening on port 35683
1546204617609	Marionette	WARN	TLS certificate errors will be ignored for this session
JavaScript error: https://webwhatsapp.com/, line 24: TypeError: document.getElementById(...) is null
JavaScript error: https://www.firstpost.com/category/business?utm_source=fp999&utm_medium=cpv&utm_campaign=firstpost_dec2018&utm_content=C_lTEKk-{sub2}-i_{sub3}, line 1319: ReferenceError: DM is not defined
JavaScript error: https://www.firstpost.com/assets/js/app.min.js?v=18, line 1: TypeError: e is null
ATTENTION: default value of option force_s3tc_enable overridden by environment.
[Child 7049, Chrome_ChildThread] WARNING: pipe error (23): Connection reset by peer: file /build/firefox-h0evE3/firefox-64.0+build3/ipc/chromium/src/chrome/common/ipc_channel_posix.cc, line 363
[GFX1-]: Receive IPC close with reason=AbnormalShutdown
[Child 7027, Chrome_ChildThread] WARNING: pipe error (3): Connection reset by peer: file /build/firefox-h0evE3/firefox-64.0+build3/ipc/chromium/src/chrome/common/ipc_channel_posix.cc, line 363
1546204714450	Marionette	INFO	Stopped listening on port 41013
1546204716521	Marionette	INFO	Stopped listening on port 33377
1546205084783	mozrunner::runner	INFO	Running command: "/usr/bin/firefox" "-marionette" "-foreground" "-no-remote" "-profile" "/tmp/rust_mozprofile.BvTM7j8ep71d"
1546205085120	addons.webextension.screenshots@mozilla.org	WARN	Loading extension 'screenshots@mozilla.org': Reading manifest: Invalid host permission: resource://pdf.js/
1546205085120	addons.webextension.screenshots@mozilla.org	WARN	Loading extension 'screenshots@mozilla.org': Reading manifest: Invalid host permission: about:reader*
1546205086424	Marionette	INFO	Listening on port 41901
1546205086493	Marionette	WARN	TLS certificate errors will be ignored for this session
JavaScript error: https://webwhatsapp.com/, line 24: TypeError: document.getElementById(...) is null
JavaScript warning: https://tag.imonomy.com/inpage/14567722962/frame.js, line 583: unreachable code after return statement
JavaScript warning: https://tag.imonomy.com/inpage/14567722962/frame.js, line 1701: unreachable code after return statement
JavaScript warning: https://tag.imonomy.com/inpage/14567722962/frame.js, line 1719: unreachable code after return statement
JavaScript warning: https://tag.imonomy.com/inpage/14567722962/frame.js, line 1871: unreachable code after return statement
JavaScript error: https://tag.imonomy.com/inpage/14567722962/frame.js, line 3929: TypeError: vimo.sticky is undefined
1546205400581	mozrunner::runner	INFO	Running command: "/usr/bin/firefox" "-marionette" "-foreground" "-no-remote" "-profile" "/tmp/rust_mozprofile.MXPfHgbb3wsX"
1546205400864	addons.webextension.screenshots@mozilla.org	WARN	Loading extension 'screenshots@mozilla.org': Reading manifest: Invalid host permission: resource://pdf.js/
1546205400864	addons.webextension.screenshots@mozilla.org	WARN	Loading extension 'screenshots@mozilla.org': Reading manifest: Invalid host permission: about:reader*
1546205402028	Marionette	INFO	Listening on port 46251
1546205402104	Marionette	WARN	TLS certificate errors will be ignored for this session
JavaScript error: https://webwhatsapp.com/, line 24: TypeError: document.getElementById(...) is null
JavaScript error: https://www.firstpost.com/category/entertainment?utm_source=fp999&utm_medium=cpv&utm_campaign=firstpost_dec2018&utm_content=C_lTEKk-{sub2}-i_{sub3}, line 1962: TypeError: $(...).offset(...) is undefined
ATTENTION: default value of option force_s3tc_enable overridden by environment.
JavaScript error: https://webwhatsapp.com/, line 24: TypeError: document.getElementById(...) is null
JavaScript error: https://webwhatsapp.com/, line 24: TypeError: document.getElementById(...) is null
1546205475171	mozrunner::runner	INFO	Running command: "/usr/bin/firefox" "-marionette" "-foreground" "-no-remote" "-profile" "/tmp/rust_mozprofile.jEYx4pWDHqrN"
1546205475549	addons.webextension.screenshots@mozilla.org	WARN	Loading extension 'screenshots@mozilla.org': Reading manifest: Invalid host permission: resource://pdf.js/
1546205475549	addons.webextension.screenshots@mozilla.org	WARN	Loading extension 'screenshots@mozilla.org': Reading manifest: Invalid host permission: about:reader*
1546205476791	Marionette	INFO	Listening on port 33483
1546205476884	Marionette	WARN	TLS certificate errors will be ignored for this session
JavaScript error: https://webwhatsapp.com/, line 24: TypeError: document.getElementById(...) is null
JavaScript error: https://www.firstpost.com/category/sports?utm_source=fp999&utm_medium=cpv&utm_campaign=firstpost_dec2018&utm_content=C_lTEKk-{sub2}-i_{sub3}, line 1319: ReferenceError: DM is not defined
JavaScript error: https://www.firstpost.com/assets/js/app.min.js?v=18, line 1: TypeError: e is null
ATTENTION: default value of option force_s3tc_enable overridden by environment.
[Child 9613, Chrome_ChildThread] WARNING: pipe error (3): Connection reset by peer: file /build/firefox-h0evE3/firefox-64.0+build3/ipc/chromium/src/chrome/common/ipc_channel_posix.cc, line 363
[Child 9591, Chrome_ChildThread] WARNING: pipe error (3): Connection reset by peer: file /build/firefox-h0evE3/firefox-64.0+build3/ipc/chromium/src/chrome/common/ipc_channel_posix.cc, line 363
1546205498396	mozrunner::runner	INFO	Running command: "/usr/bin/firefox" "-marionette" "-foreground" "-no-remote" "-profile" "/tmp/rust_mozprofile.yBtmjEqHvP0R"
1546205498795	addons.webextension.screenshots@mozilla.org	WARN	Loading extension 'screenshots@mozilla.org': Reading manifest: Invalid host permission: resource://pdf.js/
1546205498795	addons.webextension.screenshots@mozilla.org	WARN	Loading extension 'screenshots@mozilla.org': Reading manifest: Invalid host permission: about:reader*
1546205500031	Marionette	INFO	Listening on port 42417
1546205500172	Marionette	WARN	TLS certificate errors will be ignored for this session
1546205532285	mozrunner::runner	INFO	Running command: "/usr/bin/firefox" "-marionette" "-foreground" "-no-remote" "-profile" "/tmp/rust_mozprofile.R9o3SNqjNsHY"
1546205532654	addons.webextension.screenshots@mozilla.org	WARN	Loading extension 'screenshots@mozilla.org': Reading manifest: Invalid host permission: resource://pdf.js/
1546205532654	addons.webextension.screenshots@mozilla.org	WARN	Loading extension 'screenshots@mozilla.org': Reading manifest: Invalid host permission: about:reader*
1546205533850	Marionette	INFO	Listening on port 41179
1546205533910	Marionette	WARN	TLS certificate errors will be ignored for this session
1546205564603	mozrunner::runner	INFO	Running command: "/usr/bin/firefox" "-marionette" "-foreground" "-no-remote" "-profile" "/tmp/rust_mozprofile.R7EjgWT91x9W"
1546205564951	addons.webextension.screenshots@mozilla.org	WARN	Loading extension 'screenshots@mozilla.org': Reading manifest: Invalid host permission: resource://pdf.js/
1546205564951	addons.webextension.screenshots@mozilla.org	WARN	Loading extension 'screenshots@mozilla.org': Reading manifest: Invalid host permission: about:reader*
1546205566186	Marionette	INFO	Listening on port 40517
1546205566219	Marionette	WARN	TLS certificate errors will be ignored for this session
console.error: BroadcastService: 
console.error: BroadcastService: 
console.error: BroadcastService: 
console.error: BroadcastService: 
  receivedBroadcastMessage: handler for
  remote-settings/monitor_changes
  receivedBroadcastMessage: handler for
  threw error:
  remote-settings/monitor_changes
  threw error:
  Message: Error: Polling for changes failed: NetworkError when attempting to fetch resource..
  Stack:
    remoteSettingsFunction/remoteSettings.pollChanges@resource://services-settings/remote-settings.js:750:13

  Message: Error: Polling for changes failed: NetworkError when attempting to fetch resource..
  Stack:
    remoteSettingsFunction/remoteSettings.pollChanges@resource://services-settings/remote-settings.js:750:13

  receivedBroadcastMessage: handler for
  remote-settings/monitor_changes
  threw error:
  receivedBroadcastMessage: handler for
  remote-settings/monitor_changes
  threw error:
  Message: Error: Polling for changes failed: NetworkError when attempting to fetch resource..
  Stack:
    remoteSettingsFunction/remoteSettings.pollChanges@resource://services-settings/remote-settings.js:750:13

  Message: Error: Polling for changes failed: NetworkError when attempting to fetch resource..
  Stack:
    remoteSettingsFunction/remoteSettings.pollChanges@resource://services-settings/remote-settings.js:750:13

[Parent 13586, Gecko_IOThread] WARNING: pipe error (97): Connection reset by peer: file /build/firefox-h0evE3/firefox-64.0+build3/ipc/chromium/src/chrome/common/ipc_channel_posix.cc, line 363
1546205707319	Marionette	INFO	Stopped listening on port 40517
[Parent 9755, Gecko_IOThread] WARNING: pipe error (78): Connection reset by peer: file /build/firefox-h0evE3/firefox-64.0+build3/ipc/chromium/src/chrome/common/ipc_channel_posix.cc, line 363
[Parent 9755, Gecko_IOThread] WARNING: pipe error (97): Connection reset by peer: file /build/firefox-h0evE3/firefox-64.0+build3/ipc/chromium/src/chrome/common/ipc_channel_posix.cc, line 363
1546205709333	Marionette	INFO	Stopped listening on port 42417
JavaScript error: resource://gre/modules/WebProgressChild.jsm, line 58: TypeError: this.mm.content is null
1546205711456	Marionette	INFO	Stopped listening on port 46251
[Parent 11557, Gecko_IOThread] WARNING: pipe error (58): Connection reset by peer: file /build/firefox-h0evE3/firefox-64.0+build3/ipc/chromium/src/chrome/common/ipc_channel_posix.cc, line 363
[Parent 11557, Gecko_IOThread] WARNING: pipe error (78): Connection reset by peer: file /build/firefox-h0evE3/firefox-64.0+build3/ipc/chromium/src/chrome/common/ipc_channel_posix.cc, line 363
1546205713122	Marionette	INFO	Stopped listening on port 41179
1546205742012	mozrunner::runner	INFO	Running command: "/usr/bin/firefox" "-marionette" "-foreground" "-no-remote" "-profile" "/tmp/rust_mozprofile.dA9uA2kDcnxR"
1546205742388	addons.webextension.screenshots@mozilla.org	WARN	Loading extension 'screenshots@mozilla.org': Reading manifest: Invalid host permission: resource://pdf.js/
1546205742388	addons.webextension.screenshots@mozilla.org	WARN	Loading extension 'screenshots@mozilla.org': Reading manifest: Invalid host permission: about:reader*
1546205743594	Marionette	INFO	Listening on port 46235
1546205743704	Marionette	WARN	TLS certificate errors will be ignored for this session
console.error: BroadcastService: 
  receivedBroadcastMessage: handler for
  remote-settings/monitor_changes
  threw error:
  Message: Error: Polling for changes failed: NetworkError when attempting to fetch resource..
  Stack:
    remoteSettingsFunction/remoteSettings.pollChanges@resource://services-settings/remote-settings.js:750:13

1546206048090	mozrunner::runner	INFO	Running command: "/usr/bin/firefox" "-marionette" "-foreground" "-no-remote" "-profile" "/tmp/rust_mozprofile.1HCVQkNatcJZ"
1546206048404	addons.webextension.screenshots@mozilla.org	WARN	Loading extension 'screenshots@mozilla.org': Reading manifest: Invalid host permission: resource://pdf.js/
1546206048404	addons.webextension.screenshots@mozilla.org	WARN	Loading extension 'screenshots@mozilla.org': Reading manifest: Invalid host permission: about:reader*
1546206049849	Marionette	INFO	Listening on port 37759
1546206049910	Marionette	WARN	TLS certificate errors will be ignored for this session
console.error: BroadcastService: 
  receivedBroadcastMessage: handler for
  remote-settings/monitor_changes
  threw error:
  Message: Error: Polling for changes failed: NetworkError when attempting to fetch resource..
  Stack:
    remoteSettingsFunction/remoteSettings.pollChanges@resource://services-settings/remote-settings.js:750:13

[Parent 16257, Gecko_IOThread] WARNING: pipe error (58): Connection reset by peer: file /build/firefox-h0evE3/firefox-64.0+build3/ipc/chromium/src/chrome/common/ipc_channel_posix.cc, line 363
1546206114072	Marionette	INFO	Stopped listening on port 37759
JavaScript error: https://winterbash2018.stackexchange.com/api/current-hats?callback=winterBashCurrentHats85519&userids=9255%3B14900%3B25766%3B35598&host=sqa.stackexchange.com&_=1546206129295, line 1: ReferenceError: winterBashCurrentHats85519 is not defined
JavaScript error: resource://gre/modules/WebProgressChild.jsm, line 58: TypeError: this.mm.content is null
[Parent 14871, Gecko_IOThread] WARNING: pipe error (93): Connection reset by peer: file /build/firefox-h0evE3/firefox-64.0+build3/ipc/chromium/src/chrome/common/ipc_channel_posix.cc, line 363
[Parent 14871, Gecko_IOThread] WARNING: pipe error (78): Connection reset by peer: file /build/firefox-h0evE3/firefox-64.0+build3/ipc/chromium/src/chrome/common/ipc_channel_posix.cc, line 363
1546206624747	Marionette	INFO	Stopped listening on port 46235
1546206702172	mozrunner::runner	INFO	Running command: "/usr/bin/firefox" "-marionette" "-foreground" "-no-remote" "-profile" "/tmp/rust_mozprofile.HtJ4Omxplbqj"
1546206702462	addons.webextension.screenshots@mozilla.org	WARN	Loading extension 'screenshots@mozilla.org': Reading manifest: Invalid host permission: resource://pdf.js/
1546206702463	addons.webextension.screenshots@mozilla.org	WARN	Loading extension 'screenshots@mozilla.org': Reading manifest: Invalid host permission: about:reader*
1546206703655	Marionette	INFO	Listening on port 44751
1546206703684	Marionette	WARN	TLS certificate errors will be ignored for this session
1546206921336	mozrunner::runner	INFO	Running command: "/usr/bin/firefox" "-marionette" "-foreground" "-no-remote" "-profile" "/tmp/rust_mozprofile.S27M5OWSXKZM"
1546206921621	addons.webextension.screenshots@mozilla.org	WARN	Loading extension 'screenshots@mozilla.org': Reading manifest: Invalid host permission: resource://pdf.js/
1546206921622	addons.webextension.screenshots@mozilla.org	WARN	Loading extension 'screenshots@mozilla.org': Reading manifest: Invalid host permission: about:reader*
1546206922823	Marionette	INFO	Listening on port 40905
1546206922853	Marionette	WARN	TLS certificate errors will be ignored for this session
1546206931249	Marionette	INFO	Stopped listening on port 40905
IPDL protocol error: Handler returned error code!

###!!! [Parent][DispatchAsyncMessage] Error: PLayerTransaction::Msg_ReleaseLayer Processing error: message was deserialized, but the handler returned false (indicating failure)

[Parent 19007, Gecko_IOThread] WARNING: pipe error (78): Connection reset by peer: file /build/firefox-h0evE3/firefox-64.0+build3/ipc/chromium/src/chrome/common/ipc_channel_posix.cc, line 363
[Parent 19007, Gecko_IOThread] WARNING: pipe error (137): Connection reset by peer: file /build/firefox-h0evE3/firefox-64.0+build3/ipc/chromium/src/chrome/common/ipc_channel_posix.cc, line 363
1546207053902	mozrunner::runner	INFO	Running command: "/usr/bin/firefox" "-marionette" "-foreground" "-no-remote" "-profile" "/tmp/rust_mozprofile.hvvc3SiV2IKr"
1546207054232	addons.webextension.screenshots@mozilla.org	WARN	Loading extension 'screenshots@mozilla.org': Reading manifest: Invalid host permission: resource://pdf.js/
1546207054232	addons.webextension.screenshots@mozilla.org	WARN	Loading extension 'screenshots@mozilla.org': Reading manifest: Invalid host permission: about:reader*
1546207055430	Marionette	INFO	Listening on port 42037
1546207055532	Marionette	WARN	TLS certificate errors will be ignored for this session
1546207076290	Marionette	INFO	Stopped listening on port 42037
[Parent 20767, Gecko_IOThread] WARNING: pipe error (78): Connection reset by peer: file /build/firefox-h0evE3/firefox-64.0+build3/ipc/chromium/src/chrome/common/ipc_channel_posix.cc, line 363
[Parent 20767, Gecko_IOThread] WARNING: pipe error (133): Connection reset by peer: file /build/firefox-h0evE3/firefox-64.0+build3/ipc/chromium/src/chrome/common/ipc_channel_posix.cc, line 363
1546207163250	mozrunner::runner	INFO	Running command: "/usr/bin/firefox" "-marionette" "-foreground" "-no-remote" "-profile" "/tmp/rust_mozprofile.LidGPiInHkzj"
1546207163568	addons.webextension.screenshots@mozilla.org	WARN	Loading extension 'screenshots@mozilla.org': Reading manifest: Invalid host permission: resource://pdf.js/
1546207163568	addons.webextension.screenshots@mozilla.org	WARN	Loading extension 'screenshots@mozilla.org': Reading manifest: Invalid host permission: about:reader*
1546207164749	Marionette	INFO	Listening on port 33805
1546207164765	Marionette	WARN	TLS certificate errors will be ignored for this session
1546207173799	Marionette	INFO	Stopped listening on port 33805
[Parent 23150, Gecko_IOThread] WARNING: pipe error (136): Connection reset by peer: file /build/firefox-h0evE3/firefox-64.0+build3/ipc/chromium/src/chrome/common/ipc_channel_posix.cc, line 363
1546207255746	mozrunner::runner	INFO	Running command: "/usr/bin/firefox" "-marionette" "-foreground" "-no-remote" "-profile" "/tmp/rust_mozprofile.YJ294mPrUR24"
1546207256035	addons.webextension.screenshots@mozilla.org	WARN	Loading extension 'screenshots@mozilla.org': Reading manifest: Invalid host permission: resource://pdf.js/
1546207256036	addons.webextension.screenshots@mozilla.org	WARN	Loading extension 'screenshots@mozilla.org': Reading manifest: Invalid host permission: about:reader*
1546207257254	Marionette	INFO	Listening on port 42075
1546207257353	Marionette	WARN	TLS certificate errors will be ignored for this session
1546207267664	Marionette	INFO	Stopped listening on port 42075
[Parent 24814, Gecko_IOThread] WARNING: pipe error (78): Connection reset by peer: file /build/firefox-h0evE3/firefox-64.0+build3/ipc/chromium/src/chrome/common/ipc_channel_posix.cc, line 363
